{
  "numTotalTestSuites": 2,
  "numPassedTestSuites": 2,
  "numFailedTestSuites": 0,
  "numPendingTestSuites": 0,
  "numTotalTests": 1,
  "numPassedTests": 0,
  "numFailedTests": 1,
  "numPendingTests": 0,
  "numTodoTests": 0,
  "startTime": 1760016297544,
  "success": false,
  "testResults": [
    {
      "assertionResults": [
        {
          "ancestorTitles": [
            "",
            "ServicesList smoke"
          ],
          "fullName": " ServicesList smoke renders title and row",
          "status": "failed",
          "title": "renders title and row",
          "duration": 1997,
          "failureMessages": [
            "Found multiple elements with the text: /dashboard\\.services\\.title|Key Performance|Services/i\n\nHere are the matching elements:\n\nIgnored nodes: comments, script, style\n\u001b[36m<h2\u001b[39m\n  \u001b[33mclass\u001b[39m=\u001b[32m\"text-lg font-semibold text-gray-900\"\u001b[39m\n\u001b[36m>\u001b[39m\n  \u001b[0mdashboard.services.title\u001b[0m\n\u001b[36m</h2>\u001b[39m\n\nIgnored nodes: comments, script, style\n\u001b[36m<a\u001b[39m\n  \u001b[33mclass\u001b[39m=\u001b[32m\"px-3 py-2 text-sm font-medium text-white bg-green-600 rounded-lg hover:bg-green-700\"\u001b[39m\n  \u001b[33mhref\u001b[39m=\u001b[32m\"/admin/services/new\"\u001b[39m\n\u001b[36m>\u001b[39m\n  \u001b[0mdashboard.services.new\u001b[0m\n\u001b[36m</a>\u001b[39m\n\n(If this is intentional, then use the `*AllBy*` variant of the query (like `queryAllByText`, `getAllByText`, or `findAllByText`)).\n\nIgnored nodes: comments, script, style\n\u001b[36m<body>\u001b[39m\n  \u001b[36m<div>\u001b[39m\n    \u001b[36m<div\u001b[39m\n      \u001b[33mclass\u001b[39m=\u001b[32m\"space-y-4\"\u001b[39m\n    \u001b[36m>\u001b[39m\n      \u001b[36m<div\u001b[39m\n        \u001b[33mclass\u001b[39m=\u001b[32m\"flex items-center justify-between\"\u001b[39m\n      \u001b[36m>\u001b[39m\n        \u001b[36m<h2\u001b[39m\n          \u001b[33mclass\u001b[39m=\u001b[32m\"text-lg font-semibold text-gray-900\"\u001b[39m\n        \u001b[36m>\u001b[39m\n          \u001b[0mdashboard.services.title\u001b[0m\n        \u001b[36m</h2>\u001b[39m\n        \u001b[36m<a\u001b[39m\n          \u001b[33mclass\u001b[39m=\u001b[32m\"px-3 py-2 text-sm font-medium text-white bg-green-600 rounded-lg hover:bg-green-700\"\u001b[39m\n          \u001b[33mhref\u001b[39m=\u001b[32m\"/admin/services/new\"\u001b[39m\n        \u001b[36m>\u001b[39m\n          \u001b[0mdashboard.services.new\u001b[0m\n        \u001b[36m</a>\u001b[39m\n      \u001b[36m</div>\u001b[39m\n      \u001b[36m<div\u001b[39m\n        \u001b[33maria-live\u001b[39m=\u001b[32m\"polite\"\u001b[39m\n        \u001b[33mclass\u001b[39m=\u001b[32m\"sr-only\"\u001b[39m\n      \u001b[36m>\u001b[39m\n        \u001b[0mdashboard.noSelection\u001b[0m\n      \u001b[36m</div>\u001b[39m\n      \u001b[36m<div\u001b[39m\n        \u001b[33mclass\u001b[39m=\u001b[32m\"bg-white border border-gray-200 rounded-lg p-4 mb-6\"\u001b[39m\n      \u001b[36m>\u001b[39m\n        \u001b[36m<div\u001b[39m\n          \u001b[33mclass\u001b[39m=\u001b[32m\"flex items-center justify-between gap-4\"\u001b[39m\n        \u001b[36m>\u001b[39m\n          \u001b[36m<div\u001b[39m\n            \u001b[33mclass\u001b[39m=\u001b[32m\"relative flex-1 max-w-md\"\u001b[39m\n          \u001b[36m>\u001b[39m\n            \u001b[36m<svg\u001b[39m\n              \u001b[33maria-hidden\u001b[39m=\u001b[32m\"true\"\u001b[39m\n              \u001b[33mclass\u001b[39m=\u001b[32m\"lucide lucide-search absolute left-3 top-1/2 -translate-y-1/2 w-4 h-4 text-gray-400\"\u001b[39m\n              \u001b[33mfill\u001b[39m=\u001b[32m\"none\"\u001b[39m\n              \u001b[33mheight\u001b[39m=\u001b[32m\"24\"\u001b[39m\n              \u001b[33mstroke\u001b[39m=\u001b[32m\"currentColor\"\u001b[39m\n              \u001b[33mstroke-linecap\u001b[39m=\u001b[32m\"round\"\u001b[39m\n              \u001b[33mstroke-linejoin\u001b[39m=\u001b[32m\"round\"\u001b[39m\n              \u001b[33mstroke-width\u001b[39m=\u001b[32m\"2\"\u001b[39m\n              \u001b[33mviewBox\u001b[39m=\u001b[32m\"0 0 24 24\"\u001b[39m\n              \u001b[33mwidth\u001b[39m=\u001b[32m\"24\"\u001b[39m\n              \u001b[33mxmlns\u001b[39m=\u001b[32m\"http://www.w3.org/2000/svg\"\u001b[39m\n            \u001b[36m>\u001b[39m\n              \u001b[36m<path\u001b[39m\n                \u001b[33md\u001b[39m=\u001b[32m\"m21 21-4.34-4.34\"\u001b[39m\n              \u001b[36m/>\u001b[39m\n              \u001b[36m<circle\u001b[39m\n                \u001b[33mcx\u001b[39m=\u001b[32m\"11\"\u001b[39m\n                \u001b[33mcy\u001b[39m=\u001b[32m\"11\"\u001b[39m\n                \u001b[33mr\u001b[39m=\u001b[32m\"8\"\u001b[39m\n              \u001b[36m/>\u001b[39m\n            \u001b[36m</svg>\u001b[39m\n            \u001b[36m<input\u001b[39m\n              \u001b[33maria-label\u001b[39m=\u001b[32m\"dashboard.search.services\"\u001b[39m\n              \u001b[33mclass\u001b[39m=\u001b[32m\"w-full pl-10 pr-4 py-2 border border-gray-200 rounded-lg focus:outline-none focus:ring-2 focus:ring-green-500 text-sm\"\u001b[39m\n              \u001b[33mplaceholder\u001b[39m=\u001b[32m\"dashboard.search.services\"\u001b[39m\n            \u001b[36m/>\u001b[39m\n          \u001b[36m</div>\u001b[39m\n          \u001b[36m<div\u001b[39m\n            \u001b[33mclass\u001b[39m=\u001b[32m\"flex items-center gap-2\"\u001b[39m\n          \u001b[36m>\u001b[39m\n            \u001b[36m<select\u001b[39m\n              \u001b[33maria-label\u001b[39m=\u001b[32m\"common.status\"\u001b[39m\n              \u001b[33mclass\u001b[39m=\u001b[32m\"border border-gray-200 rounded-lg px-3 py-2 text-sm focus:outline-none focus:ring-2 focus:ring-green-500\"\u001b[39m\n            \u001b[36m>\u001b[39m\n              \u001b[36m<option\u001b[39m\n                \u001b[33mvalue\u001b[39m=\u001b[32m\"\"\u001b[39m\n              \u001b[36m>\u001b[39m\n                \u001b[0mcommon.status\u001b[0m\n              \u001b[36m</option>\u001b[39m\n              \u001b[36m<option\u001b[39m\n                \u001b[33mvalue\u001b[39m=\u001b[32m\"ACTIVE\"\u001b[39m\n              \u001b[36m>\u001b[39m\n                \u001b[0mstatus.active\u001b[0m\n              \u001b[36m</option>\u001b[39m\n              \u001b[36m<option\u001b[39m\n                \u001b[33mvalue\u001b[39m=\u001b[32m\"INACTIVE\"\u001b[39m\n              \u001b[36m>\u001b[39m\n                \u001b[0mstatus.inactive\u001b[0m\n              \u001b[36m</option>\u001b[39m\n              \u001b[36m<option\u001b[39m\n                \u001b[33mvalue\u001b[39m=\u001b[32m\"DRAFT\"\u001b[39m\n              \u001b[36m>\u001b[39m\n                \u001b[0mstatus.draft\u001b[0m\n              \u001b[36m</option>\u001b[39m\n            \u001b[36m</select>\u001b[39m\n            \u001b[36m<select\u001b[39m\n              \u001b[33maria-label\u001b[39m=\u001b[32m\"common.category\"\u001b[39m\n              \u001b[33mclass\u001b[39m=\u001b[32m\"border border-gray-200 rounded-lg px-3 py-2 text-sm focus:outline-none focus:ring-2 focus:ring-green-500\"\u001b[39m\n            \u001b[36m>\u001b[39m\n              \u001b[36m<option\u001b[39m\n                \u001b[33mvalue\u001b[39m=\u001b[32m\"\"\u001b[39m\n              \u001b[36m>\u001b[39m\n                \u001b[0mcommon.category\u001b[0m\n              \u001b[36m</option>\u001b[39m\n              \u001b[36m<option\u001b[39m\n                \u001b[33mvalue\u001b[39m=\u001b[32m\"Tax\"\u001b[39m\n              \u001b[36m>\u001b[39m\n                \u001b[0mTax\u001b[0m\n              \u001b[36m</option>\u001b[39m\n            \u001b[36m</select>\u001b[39m\n            \u001b[36m<button\u001b[39m\n              \u001b[33mclass\u001b[39m=\u001b[32m\"flex items-center gap-2 px-3 py-2 text-sm text-gray-600 hover:text-gray-900 border border-gray-200 rounded-lg hover:bg-gray-50\"\u001b[39m\n            \u001b[36m>\u001b[39m\n              \u001b[36m<svg\u001b[39m\n                \u001b[33maria-hidden\u001b[39m=\u001b[32m\"true\"\u001b[39m\n                \u001b[33mclass\u001b[39m=\u001b[32m\"lucide lucide-sliders-horizontal w-4 h-4\"\u001b[39m\n                \u001b[33mfill\u001b[39m=\u001b[32m\"none\"\u001b[39m\n                \u001b[33mheight\u001b[39m=\u001b[32m\"24\"\u001b[39m\n                \u001b[33mstroke\u001b[39m=\u001b[32m\"currentColor\"\u001b[39m\n                \u001b[33mstroke-linecap\u001b[39m=\u001b[32m\"round\"\u001b[39m\n                \u001b[33mstroke-linejoin\u001b[39m=\u001b[32m\"round\"\u001b[39m\n                \u001b[33mstroke-width\u001b[39m=\u001b[32m\"2\"\u001b[39m\n                \u001b[33mviewBox\u001b[39m=\u001b[32m\"0 0 24 24\"\u001b[39m\n                \u001b[33mwidth\u001b[39m=\u001b[32m\"24\"\u001b[39m\n                \u001b[33mxmlns\u001b[39m=\u001b[32m\"http://www.w3.org/2000/svg\"\u001b[39m\n              \u001b[36m>\u001b[39m\n                \u001b[36m<line\u001b[39m\n                  \u001b[33mx1\u001b[39m=\u001b[32m\"21\"\u001b[39m\n                  \u001b[33mx2\u001b[39m=\u001b[32m\"14\"\u001b[39m\n                  \u001b[33my1\u001b[39m=\u001b[32m\"4\"\u001b[39m\n                  \u001b[33my2\u001b[39m=\u001b[32m\"4\"\u001b[39m\n                \u001b[36m/>\u001b[39m\n                \u001b[36m<line\u001b[39m\n                  \u001b[33mx1\u001b[39m=\u001b[32m\"10\"\u001b[39m\n                  \u001b[33mx2\u001b[39m=\u001b[32m\"3\"\u001b[39m\n                  \u001b[33my1\u001b[39m=\u001b[32m\"4\"\u001b[39m\n                  \u001b[33my2\u001b[39m=\u001b[32m\"4\"\u001b[39m\n                \u001b[36m/>\u001b[39m\n                \u001b[36m<line\u001b[39m\n                  \u001b[33mx1\u001b[39m=\u001b[32m\"21\"\u001b[39m\n                  \u001b[33mx2\u001b[39m=\u001b[32m\"12\"\u001b[39m\n                  \u001b[33my1\u001b[39m=\u001b[32m\"12\"\u001b[39m\n                  \u001b[33my2\u001b[39m=\u001b[32m\"12\"\u001b[39m\n                \u001b[36m/>\u001b[39m\n                \u001b[36m<line\u001b[39m\n                  \u001b[33mx1\u001b[39m=\u001b[32m\"8\"\u001b[39m\n                  \u001b[33mx2\u001b[39m=\u001b[32m\"3\"\u001b[39m\n                  \u001b[33my1\u001b[39m=\u001b[32m\"12\"\u001b[39m\n                  \u001b[33my2\u001b[39m=\u001b[32m\"12\"\u001b[39m\n                \u001b[36m/>\u001b[39m\n                \u001b[36m<line\u001b[39m\n                  \u001b[33mx1\u001b[39m=\u001b[32m\"21\"\u001b[39m\n                  \u001b[33mx2\u001b[39m=\u001b[32m\"16\"\u001b[39m\n                  \u001b[33my1\u001b[39m=\u001b[32m\"20\"\u001b[39m\n                  \u001b[33my2\u001b[39m=\u001b[32m\"20\"\u001b[39m\n                \u001b[36m/>\u001b[39m\n                \u001b[36m<line\u001b[39m\n                  \u001b[33mx1\u001b[39m=\u001b[32m\"12\"\u001b[39m\n                  \u001b[33mx2\u001b[39m=\u001b[32m\"3\"\u001b[39m\n                  \u001b[33my1\u001b[39m=\u001b[32m\"20\"\u001b[39m\n                  \u001b[33my2\u001b[39m=\u001b[32m\"20\"\u001b[39m\n                \u001b[36m/>\u001b[39m\n                \u001b[36m<line\u001b[39m\n                  \u001b[33mx1\u001b[39m=\u001b[32m\"14\"\u001b[39m\n                  \u001b[33mx2\u001b[39m=\u001b[32m\"14\"\u001b[39m\n                  \u001b[33my1\u001b[39m=\u001b[32m\"2\"\u001b[39m\n                  \u001b[33my2\u001b[39m=\u001b[32m\"6\"\u001b[39m\n                \u001b[36m/>\u001b[39m\n                \u001b[36m<line\u001b[39m\n                  \u001b[33mx1\u001b[39m=\u001b[32m\"8\"\u001b[39m\n                  \u001b[33mx2\u001b[39m=\u001b[32m\"8\"\u001b[39m\n                  \u001b[33my1\u001b[39m=\u001b[32m\"10\"\u001b[39m\n                  \u001b[33my2\u001b[39m=\u001b[32m\"14\"\u001b[39m\n                \u001b[36m/>\u001b[39m\n                \u001b[36m<line\u001b[39m\n                  \u001b[33mx1\u001b[39m=\u001b[32m\"16\"\u001b[39m\n                  \u001b[33mx2\u001b[39m=\u001b[32m\"16\"\u001b[39m\n                  \u001b[33my1\u001b[39m=\u001b[32m\"18\"\u001b[39m\n                  \u001b[33my2\u001b[39m=\u001b[32m\"22\"\u001b[39m\n                \u001b[36m/>\u001b[39m\n              \u001b[36m</svg>\u001b[39m\n              \u001b[0mdashboard.filters\u001b[0m\n            \u001b[36m</button>\u001b[39m\n          \u001b[36m</div>\u001b[39m\n        \u001b[36m</div>\u001b[39m\n      \u001b[36m</div>\u001b[39m\n      \u001b[36m<div\u001b[39m\n        \u001b[33mclass\u001b[39m=\u001b[32m\"bg-white rounded-lg border border-gray-200 overflow-hidden\"\u001b[39m\n      \u001b[36m>\u001b[39m\n        \u001b[36m<div\u001b[39m\n          \u001b[33mclass\u001b[39m=\u001b[32m\"overflow-x-auto\"\u001b[39m\n        \u001b[36m>\u001b[39m\n          \u001b[36m<div\u001b[39m\n            \u001b[33mclass\u001b[39m=\u001b[32m\"sticky top-0 z-10\"\u001b[39m\n          \u001b[36m/>\u001b[39m\n          \u001b[36m<div\u001b[39m\n            \u001b[33mclass\u001b[39m=\u001b[32m\"bg-white rounded-lg border border-gray-200 overflow-hidden\"\u001b[39m\n          \u001b[36m>\u001b[39m\n            \u001b[36m<div\u001b[39m\n              \u001b[33mclass\u001b[39m=\u001b[32m\"overflow-x-auto\"\u001b[39m\n            \u001b[36m>\u001b[39m\n              \u001b[36m<table\u001b[39m\n                \u001b[33mclass\u001b[39m=\u001b[32m\"min-w-full divide-y divide-gray-200\"\u001b[39m\n              \u001b[36m>\u001b[39m\n                \u001b[36m<thead\u001b[39m\n                  \u001b[33mclass\u001b[39m=\u001b[32m\"bg-gray-50\"\u001b[39m\n                \u001b[36m>\u001b[39m\n                  \u001b[36m<tr>\u001b[39m\n                    \u001b[36m<th\u001b[39m\n                      \u001b[33mclass\u001b[39m=\u001b[32m\"px-4 py-3\"\u001b[39m\n                    \u001b[36m>\u001b[39m\n                      \u001b[36m<input\u001b[39m\n                        \u001b[33mtype\u001b[39m=\u001b[32m\"checkbox\"\u001b[39m\n                      \u001b[36m/>\u001b[39m\n                    \u001b[36m</th>\u001b[39m\n                    \u001b[36m<th\u001b[39m\n                      \u001b[33mclass\u001b[39m=\u001b[32m\"px-6 py-3 text-xs font-medium text-gray-500 uppercase tracking-wider text-left\"\u001b[39m\n                    \u001b[36m>\u001b[39m\n                      \u001b[0mcommon.id\u001b[0m\n                    \u001b[36m</th>\u001b[39m\n                    \u001b[36m<th\u001b[39m\n                      \u001b[33mclass\u001b[39m=\u001b[32m\"px-6 py-3 text-xs font-medium text-gray-500 uppercase tracking-wider text-left\"\u001b[39m\n                    \u001b[36m>\u001b[39m\n                      \u001b[36m<button\u001b[39m\n                        \u001b[33mclass\u001b[39m=\u001b[32m\"flex items-center gap-1 hover:text-gray-700\"\u001b[39m\n                      \u001b[36m>\u001b[39m\n                        \u001b[36m<span>\u001b[39m\n                          \u001b[0mcommon.name\u001b[0m\n                        \u001b[36m</span>\u001b[39m\n                      \u001b[36m</button>\u001b[39m\n                    \u001b[36m</th>\u001b[39m\n                    \u001b[36m<th\u001b[39m\n                      \u001b[33mclass\u001b[39m=\u001b[32m\"px-6 py-3 text-xs font-medium text-gray-500 uppercase tracking-wider text-left\"\u001b[39m\n                    \u001b[36m>\u001b[39m\n                      \u001b[36m<button\u001b[39m\n                        \u001b[33mclass\u001b[39m=\u001b[32m\"flex items-center gap-1 hover:text-gray-700\"\u001b[39m\n                      \u001b[36m>\u001b[39m\n                        \u001b[36m<span>\u001b[39m\n                          \u001b[0mcommon.category\u001b[0m\n                        \u001b[36m</span>\u001b[39m\n                      \u001b[36m</button>\u001b[39m\n                    \u001b[36m</th>\u001b[39m\n                    \u001b[36m<th\u001b[39m\n                      \u001b[33mclass\u001b[39m=\u001b[32m\"px-6 py-3 text-xs font-medium text-gray-500 uppercase tracking-wider text-right\"\u001b[39m\n                    \u001b[36m>\u001b[39m\n                      \u001b[0mcommon.price\u001b[0m\n                    \u001b[36m</th>\u001b[39m\n                    \u001b[36m<th\u001b[39m\n                      \u001b[33mclass\u001b[39m=\u001b[32m\"px-6 py-3 text-xs font-medium text-gray-500 uppercase tracking-wider text-left\"\u001b[39m\n                    \u001b[36m>\u001b[39m\n                      \u001b[36m<button\u001b[39m\n                        \u001b[33mclass\u001b[39m=\u001b[32m\"flex items-center gap-1 hover:text-gray-700\"\u001b[39m\n                      \u001b[36m>\u001b[39m\n                        \u001b[36m<span>\u001b[39m\n                          \u001b[0mcommon.status\u001b[0m\n                        \u001b[36m</span>\u001b[39m\n                      \u001b[36m</button>\u001b[39m\n                    \u001b[36m</th>\u001b[39m\n                    \u001b[36m<th\u001b[39m\n                      \u001b[33mclass\u001b[39m=\u001b[32m\"px-6 py-3 text-xs font-medium text-gray-500 uppercase tracking-wider text-left\"\u001b[39m\n                    \u001b[36m>\u001b[39m\n                      \u001b[36m<button\u001b[39m\n                        \u001b[33mclass\u001b[39m=\u001b[32m\"flex items-center gap-1 hover:text-gray-700\"\u001b[39m\n                      \u001b[36m>\u001b[39m\n                        \u001b[36m<span>\u001b[39m\n                          \u001b[0mcommon.updated\u001b[0m\n                        \u001b[36m</span>\u001b[39m\n                      \u001b[36m</button>\u001b[39m\n                    \u001b[36m</th>\u001b[39m\n                  \u001b[36m</tr>\u001b[39m\n                \u001b[36m</thead>\u001b[39m\n                \u001b[36m<tbody\u001b[39m\n                  \u001b[33mclass\u001b[39m=\u001b[32m\"bg-white divide-y divide-gray-200\"\u001b[39m\n                \u001b[36m>\u001b[39m\n                  \u001b[36m<tr\u001b[39m\n                    \u001b[33mclass\u001b[39m=\u001b[32m\"hover:bg-gray-50\"\u001b[39m\n                  \u001b[36m>\u001b[39m\n                    \u001b[36m<td\u001b[39m\n                      \u001b[33mclass\u001b[39m=\u001b[32m\"px-4 py-4\"\u001b[39m\n                    \u001b[36m>\u001b[39m\n                      \u001b[36m<input\u001b[39m\n                        \u001b[33mtype\u001b[39m=\u001b[32m\"checkbox\"\u001b[39m\n                      \u001b[36m/>\u001b[39m\n                    \u001b[36m</td>\u001b[39m\n                    \u001b[36m<td\u001b[39m\n                      \u001b[33mclass\u001b[39m=\u001b[32m\"px-6 py-4 whitespace-nowrap text-sm text-left\"\u001b[39m\n                    \u001b[36m>\u001b[39m\n                      \u001b[36m<span\u001b[39m\n                        \u001b[33mclass\u001b[39m=\u001b[32m\"text-xs text-gray-500\"\u001b[39m\n                      \u001b[36m>\u001b[39m\n                        \u001b[0m1\u001b[0m\n                      \u001b[36m</span>\u001b[39m\n                    \u001b[36m</td>\u001b[39m\n                    \u001b[36m<td\u001b[39m\n                      \u001b[33mclass\u001b[39m=\u001b[32m\"px-6 py-4 whitespace-nowrap text-sm text-left\"\u001b[39m\n                    \u001b[36m>\u001b[39m\n                      \u001b[0mTax Prep\u001b[0m\n                    \u001b[36m</td>\u001b[39m\n                    \u001b[36m<td\u001b[39m\n                      \u001b[33mclass\u001b[39m=\u001b[32m\"px-6 py-4 whitespace-nowrap text-sm text-left\"\u001b[39m\n                    \u001b[36m>\u001b[39m\n                      \u001b[0mTax\u001b[0m\n                    \u001b[36m</td>\u001b[39m\n                    \u001b[36m<td\u001b[39m\n                      \u001b[33mclass\u001b[39m=\u001b[32m\"px-6 py-4 whitespace-nowrap text-sm text-right\"\u001b[39m\n                    \u001b[36m>\u001b[39m\n                      \u001b[0m$100.00\u001b[0m\n                    \u001b[36m</td>\u001b[39m\n                    \u001b[36m<td\u001b[39m\n                      \u001b[33mclass\u001b[39m=\u001b[32m\"px-6 py-4 whitespace-nowrap text-sm text-left\"\u001b[39m\n                    \u001b[36m>\u001b[39m\n                      \u001b[0mACTIVE\u001b[0m\n                    \u001b[36m</td>\u001b[39m\n                    \u001b[36m<td\u001b[39m\n                      \u001b[33mclass\u001b[39m=\u001b[32m\"px-6 py-4 whitespace-nowrap text-sm text-left\"\u001b[39m\n                    \u001b[36m>\u001b[39m\n                      \u001b[0m1/1/2025, 12:00:00 AM\u001b[0m\n                    \u001b[36m</td>\u001b[39m\n                  \u001b[36m</tr>\u001b[39m\n                \u001b[36m</tbody>\u001b[39m\n              \u001b[36m</table>\u001b[39m\n            \u001b[36m</div>\u001b[39m\n          \u001b[36m</div>\u001b[39m\n        \u001b[36m</div>\u001b[39m\n        \u001b[36m<div\u001b[39m\n          \u001b[33maria-label\u001b[39m=\u001b[32m\"Pagination\"\u001b[39m\n          \u001b[33mclass\u001b[39m=\u001b[32m\"flex items-center justify-between px-4 py-3 bg-gray-50 border-t\"\u001b[39m\n          \u001b[33mrole\u001b[39m=\u001b[32m\"navigation\"\u001b[39m\n        \u001b[36m>\u001b[39m\n          \u001b[36m<div\u001b[39m\n            \u001b[33mclass\u001b[39m=\u001b[32m\"text-sm text-gray-600\"\u001b[39m\n          \u001b[36m>\u001b[39m\n            \u001b[0mPage \u001b[0m\n            \u001b[0m1\u001b[0m\n            \u001b[0m of \u001b[0m\n            \u001b[0m1\u001b[0m\n          \u001b[36m</div>\u001b[39m\n          \u001b[36m<div\u001b[39m\n            \u001b[33mclass\u001b[39m=\u001b[32m\"flex items-center gap-2\"\u001b[39m\n          \u001b[36m>\u001b[39m\n            \u001b[36m<button\u001b[39m\n              \u001b[33maria-label\u001b[39m=\u001b[32m\"Previous page\"\u001b[39m\n              \u001b[33mclass\u001b[39m=\u001b[32m\"px-3 py-1 text-sm rounded border border-gray-300 bg-white hover:bg-gray-50 disabled:opacity-50\"\u001b[39m\n              \u001b[33mdisabled\u001b[39m=\u001b[32m\"\"\u001b[39m\n            \u001b[36m>\u001b[39m\n              \u001b[0mPrevious\u001b[0m\n            \u001b[36m</button>\u001b[39m\n            \u001b[36m<button\u001b[39m\n              \u001b[33maria-label\u001b[39m=\u001b[32m\"Next page\"\u001b[39m\n              \u001b[33mclass\u001b[39m=\u001b[32m\"px-3 py-1 text-sm rounded text-white bg-green-600 hover:bg-green-700 disabled:opacity-50\"\u001b[39m\n              \u001b[33mdisabled\u001b[39m=\u001b[32m\"\"\u001b[39m\n            \u001b[36m>\u001b[39m\n              \u001b[0mNext\u001b[0m\n            \u001b[36m</button>\u001b[39m\n          \u001b[36m</div>\u001b[39m\n        \u001b[36m</div>\u001b[39m\n      \u001b[36m</div>\u001b[39m\n    \u001b[36m</div>\u001b[39m\n  \u001b[36m</div>\u001b[39m\n\u001b[36m</body>\u001b[39m\n\nIgnored nodes: comments, script, style\n\u001b[36m<body>\u001b[39m\n  \u001b[36m<div>\u001b[39m\n    \u001b[36m<div\u001b[39m\n      \u001b[33mclass\u001b[39m=\u001b[32m\"space-y-4\"\u001b[39m\n    \u001b[36m>\u001b[39m\n      \u001b[36m<div\u001b[39m\n        \u001b[33mclass\u001b[39m=\u001b[32m\"flex items-center justify-between\"\u001b[39m\n      \u001b[36m>\u001b[39m\n        \u001b[36m<h2\u001b[39m\n          \u001b[33mclass\u001b[39m=\u001b[32m\"text-lg font-semibold text-gray-900\"\u001b[39m\n        \u001b[36m>\u001b[39m\n          \u001b[0mdashboard.services.title\u001b[0m\n        \u001b[36m</h2>\u001b[39m\n        \u001b[36m<a\u001b[39m\n          \u001b[33mclass\u001b[39m=\u001b[32m\"px-3 py-2 text-sm font-medium text-white bg-green-600 rounded-lg hover:bg-green-700\"\u001b[39m\n          \u001b[33mhref\u001b[39m=\u001b[32m\"/admin/services/new\"\u001b[39m\n        \u001b[36m>\u001b[39m\n          \u001b[0mdashboard.services.new\u001b[0m\n        \u001b[36m</a>\u001b[39m\n      \u001b[36m</div>\u001b[39m\n      \u001b[36m<div\u001b[39m\n        \u001b[33maria-live\u001b[39m=\u001b[32m\"polite\"\u001b[39m\n        \u001b[33mclass\u001b[39m=\u001b[32m\"sr-only\"\u001b[39m\n      \u001b[36m>\u001b[39m\n        \u001b[0mdashboard.noSelection\u001b[0m\n      \u001b[36m</div>\u001b[39m\n      \u001b[36m<div\u001b[39m\n        \u001b[33mclass\u001b[39m=\u001b[32m\"bg-white border border-gray-200 rounded-lg p-4 mb-6\"\u001b[39m\n      \u001b[36m>\u001b[39m\n        \u001b[36m<div\u001b[39m\n          \u001b[33mclass\u001b[39m=\u001b[32m\"flex items-center justify-between gap-4\"\u001b[39m\n        \u001b[36m>\u001b[39m\n          \u001b[36m<div\u001b[39m\n            \u001b[33mclass\u001b[39m=\u001b[32m\"relative flex-1 max-w-md\"\u001b[39m\n          \u001b[36m>\u001b[39m\n            \u001b[36m<svg\u001b[39m\n              \u001b[33maria-hidden\u001b[39m=\u001b[32m\"true\"\u001b[39m\n              \u001b[33mclass\u001b[39m=\u001b[32m\"lucide lucide-search absolute left-3 top-1/2 -translate-y-1/2 w-4 h-4 text-gray-400\"\u001b[39m\n              \u001b[33mfill\u001b[39m=\u001b[32m\"none\"\u001b[39m\n              \u001b[33mheight\u001b[39m=\u001b[32m\"24\"\u001b[39m\n              \u001b[33mstroke\u001b[39m=\u001b[32m\"currentColor\"\u001b[39m\n              \u001b[33mstroke-linecap\u001b[39m=\u001b[32m\"round\"\u001b[39m\n              \u001b[33mstroke-linejoin\u001b[39m=\u001b[32m\"round\"\u001b[39m\n              \u001b[33mstroke-width\u001b[39m=\u001b[32m\"2\"\u001b[39m\n              \u001b[33mviewBox\u001b[39m=\u001b[32m\"0 0 24 24\"\u001b[39m\n              \u001b[33mwidth\u001b[39m=\u001b[32m\"24\"\u001b[39m\n              \u001b[33mxmlns\u001b[39m=\u001b[32m\"http://www.w3.org/2000/svg\"\u001b[39m\n            \u001b[36m>\u001b[39m\n              \u001b[36m<path\u001b[39m\n                \u001b[33md\u001b[39m=\u001b[32m\"m21 21-4.34-4.34\"\u001b[39m\n              \u001b[36m/>\u001b[39m\n              \u001b[36m<circle\u001b[39m\n                \u001b[33mcx\u001b[39m=\u001b[32m\"11\"\u001b[39m\n                \u001b[33mcy\u001b[39m=\u001b[32m\"11\"\u001b[39m\n                \u001b[33mr\u001b[39m=\u001b[32m\"8\"\u001b[39m\n              \u001b[36m/>\u001b[39m\n            \u001b[36m</svg>\u001b[39m\n            \u001b[36m<input\u001b[39m\n              \u001b[33maria-label\u001b[39m=\u001b[32m\"dashboard.search.services\"\u001b[39m\n              \u001b[33mclass\u001b[39m=\u001b[32m\"w-full pl-10 pr-4 py-2 border border-gray-200 rounded-lg focus:outline-none focus:ring-2 focus:ring-green-500 text-sm\"\u001b[39m\n              \u001b[33mplaceholder\u001b[39m=\u001b[32m\"dashboard.search.services\"\u001b[39m\n            \u001b[36m/>\u001b[39m\n          \u001b[36m</div>\u001b[39m\n          \u001b[36m<div\u001b[39m\n            \u001b[33mclass\u001b[39m=\u001b[32m\"flex items-center gap-2\"\u001b[39m\n          \u001b[36m>\u001b[39m\n            \u001b[36m<select\u001b[39m\n              \u001b[33maria-label\u001b[39m=\u001b[32m\"common.status\"\u001b[39m\n              \u001b[33mclass\u001b[39m=\u001b[32m\"border border-gray-200 rounded-lg px-3 py-2 text-sm focus:outline-none focus:ring-2 focus:ring-green-500\"\u001b[39m\n            \u001b[36m>\u001b[39m\n              \u001b[36m<option\u001b[39m\n                \u001b[33mvalue\u001b[39m=\u001b[32m\"\"\u001b[39m\n              \u001b[36m>\u001b[39m\n                \u001b[0mcommon.status\u001b[0m\n              \u001b[36m</option>\u001b[39m\n              \u001b[36m<option\u001b[39m\n                \u001b[33mvalue\u001b[39m=\u001b[32m\"ACTIVE\"\u001b[39m\n              \u001b[36m>\u001b[39m\n                \u001b[0mstatus.active\u001b[0m\n              \u001b[36m</option>\u001b[39m\n              \u001b[36m<option\u001b[39m\n                \u001b[33mvalue\u001b[39m=\u001b[32m\"INACTIVE\"\u001b[39m\n              \u001b[36m>\u001b[39m\n                \u001b[0mstatus.inactive\u001b[0m\n              \u001b[36m</option>\u001b[39m\n              \u001b[36m<option\u001b[39m\n                \u001b[33mvalue\u001b[39m=\u001b[32m\"DRAFT\"\u001b[39m\n              \u001b[36m>\u001b[39m\n                \u001b[0mstatus.draft\u001b[0m\n              \u001b[36m</option>\u001b[39m\n            \u001b[36m</select>\u001b[39m\n            \u001b[36m<select\u001b[39m\n              \u001b[33maria-label\u001b[39m=\u001b[32m\"common.category\"\u001b[39m\n              \u001b[33mclass\u001b[39m=\u001b[32m\"border border-gray-200 rounded-lg px-3 py-2 text-sm focus:outline-none focus:ring-2 focus:ring-green-500\"\u001b[39m\n            \u001b[36m>\u001b[39m\n              \u001b[36m<option\u001b[39m\n                \u001b[33mvalue\u001b[39m=\u001b[32m\"\"\u001b[39m\n              \u001b[36m>\u001b[39m\n                \u001b[0mcommon.category\u001b[0m\n              \u001b[36m</option>\u001b[39m\n              \u001b[36m<option\u001b[39m\n                \u001b[33mvalue\u001b[39m=\u001b[32m\"Tax\"\u001b[39m\n              \u001b[36m>\u001b[39m\n                \u001b[0mTax\u001b[0m\n              \u001b[36m</option>\u001b[39m\n            \u001b[36m</select>\u001b[39m\n            \u001b[36m<button\u001b[39m\n              \u001b[33mclass\u001b[39m=\u001b[32m\"flex items-center gap-2 px-3 py-2 text-sm text-gray-600 hover:text-gray-900 border border-gray-200 rounded-lg hover:bg-gray-50\"\u001b[39m\n            \u001b[36m>\u001b[39m\n              \u001b[36m<svg\u001b[39m\n                \u001b[33maria-hidden\u001b[39m=\u001b[32m\"true\"\u001b[39m\n                \u001b[33mclass\u001b[39m=\u001b[32m\"lucide lucide-sliders-horizontal w-4 h-4\"\u001b[39m\n                \u001b[33mfill\u001b[39m=\u001b[32m\"none\"\u001b[39m\n                \u001b[33mheight\u001b[39m=\u001b[32m\"24\"\u001b[39m\n                \u001b[33mstroke\u001b[39m=\u001b[32m\"currentColor\"\u001b[39m\n                \u001b[33mstroke-linecap\u001b[39m=\u001b[32m\"round\"\u001b[39m\n                \u001b[33mstroke-linejoin\u001b[39m=\u001b[32m\"round\"\u001b[39m\n                \u001b[33mstroke-width\u001b[39m=\u001b[32m\"2\"\u001b[39m\n                \u001b[33mviewBox\u001b[39m=\u001b[32m\"0 0 24 24\"\u001b[39m\n                \u001b[33mwidth\u001b[39m=\u001b[32m\"24\"\u001b[39m\n                \u001b[33mxmlns\u001b[39m=\u001b[32m\"http://www.w3.org/2000/svg\"\u001b[39m\n              \u001b[36m>\u001b[39m\n                \u001b[36m<line\u001b[39m\n                  \u001b[33mx1\u001b[39m=\u001b[32m\"21\"\u001b[39m\n                  \u001b[33mx2\u001b[39m=\u001b[32m\"14\"\u001b[39m\n                  \u001b[33my1\u001b[39m=\u001b[32m\"4\"\u001b[39m\n                  \u001b[33my2\u001b[39m=\u001b[32m\"4\"\u001b[39m\n                \u001b[36m/>\u001b[39m\n                \u001b[36m<line\u001b[39m\n                  \u001b[33mx1\u001b[39m=\u001b[32m\"10\"\u001b[39m\n                  \u001b[33mx2\u001b[39m=\u001b[32m\"3\"\u001b[39m\n                  \u001b[33my1\u001b[39m=\u001b[32m\"4\"\u001b[39m\n                  \u001b[33my2\u001b[39m=\u001b[32m\"4\"\u001b[39m\n                \u001b[36m/>\u001b[39m\n                \u001b[36m<line\u001b[39m\n                  \u001b[33mx1\u001b[39m=\u001b[32m\"21\"\u001b[39m\n                  \u001b[33mx2\u001b[39m=\u001b[32m\"12\"\u001b[39m\n                  \u001b[33my1\u001b[39m=\u001b[32m\"12\"\u001b[39m\n                  \u001b[33my2\u001b[39m=\u001b[32m\"12\"\u001b[39m\n                \u001b[36m/>\u001b[39m\n                \u001b[36m<line\u001b[39m\n                  \u001b[33mx1\u001b[39m=\u001b[32m\"8\"\u001b[39m\n                  \u001b[33mx2\u001b[39m=\u001b[32m\"3\"\u001b[39m\n                  \u001b[33my1\u001b[39m=\u001b[32m\"12\"\u001b[39m\n                  \u001b[33my2\u001b[39m=\u001b[32m\"12\"\u001b[39m\n                \u001b[36m/>\u001b[39m\n                \u001b[36m<line\u001b[39m\n                  \u001b[33mx1\u001b[39m=\u001b[32m\"21\"\u001b[39m\n                  \u001b[33mx2\u001b[39m=\u001b[32m\"16\"\u001b[39m\n                  \u001b[33my1\u001b[39m=\u001b[32m\"20\"\u001b[39m\n                  \u001b[33my2\u001b[39m=\u001b[32m\"20\"\u001b[39m\n                \u001b[36m/>\u001b[39m\n                \u001b[36m<line\u001b[39m\n                  \u001b[33mx1\u001b[39m=\u001b[32m\"12\"\u001b[39m\n                  \u001b[33mx2\u001b[39m=\u001b[32m\"3\"\u001b[39m\n                  \u001b[33my1\u001b[39m=\u001b[32m\"20\"\u001b[39m\n                  \u001b[33my2\u001b[39m=\u001b[32m\"20\"\u001b[39m\n                \u001b[36m/>\u001b[39m\n                \u001b[36m<line\u001b[39m\n                  \u001b[33mx1\u001b[39m=\u001b[32m\"14\"\u001b[39m\n                  \u001b[33mx2\u001b[39m=\u001b[32m\"14\"\u001b[39m\n                  \u001b[33my1\u001b[39m=\u001b[32m\"2\"\u001b[39m\n                  \u001b[33my2\u001b[39m=\u001b[32m\"6\"\u001b[39m\n                \u001b[36m/>\u001b[39m\n                \u001b[36m<line\u001b[39m\n                  \u001b[33mx1\u001b[39m=\u001b[32m\"8\"\u001b[39m\n                  \u001b[33mx2\u001b[39m=\u001b[32m\"8\"\u001b[39m\n                  \u001b[33my1\u001b[39m=\u001b[32m\"10\"\u001b[39m\n                  \u001b[33my2\u001b[39m=\u001b[32m\"14\"\u001b[39m\n                \u001b[36m/>\u001b[39m\n                \u001b[36m<line\u001b[39m\n                  \u001b[33mx1\u001b[39m=\u001b[32m\"16\"\u001b[39m\n                  \u001b[33mx2\u001b[39m=\u001b[32m\"16\"\u001b[39m\n                  \u001b[33my1\u001b[39m=\u001b[32m\"18\"\u001b[39m\n                  \u001b[33my2\u001b[39m=\u001b[32m\"22\"\u001b[39m\n                \u001b[36m/>\u001b[39m\n              \u001b[36m</svg>\u001b[39m\n              \u001b[0mdashboard.filters\u001b[0m\n            \u001b[36m</button>\u001b[39m\n          \u001b[36m</div>\u001b[39m\n        \u001b[36m</div>\u001b[39m\n      \u001b[36m</div>\u001b[39m\n      \u001b[36m<div\u001b[39m\n        \u001b[33mclass\u001b[39m=\u001b[32m\"bg-white rounded-lg border border-gray-200 overflow-hidden\"\u001b[39m\n      \u001b[36m>\u001b[39m\n        \u001b[36m<div\u001b[39m\n          \u001b[33mclass\u001b[39m=\u001b[32m\"overflow-x-auto\"\u001b[39m\n        \u001b[36m>\u001b[39m\n          \u001b[36m<div\u001b[39m\n            \u001b[33mclass\u001b[39m=\u001b[32m\"sticky top-0 z-10\"\u001b[39m\n          \u001b[36m/>\u001b[39m\n          \u001b[36m<div\u001b[39m\n            \u001b[33mclass\u001b[39m=\u001b[32m\"bg-white rounded-lg border border-gray-200 overflow-hidden\"\u001b[39m\n          \u001b[36m>\u001b[39m\n            \u001b[36m<div\u001b[39m\n              \u001b[33mclass\u001b[39m=\u001b[32m\"overflow-x-auto\"\u001b[39m\n            \u001b[36m>\u001b[39m\n              \u001b[36m<table\u001b[39m\n                \u001b[33mclass\u001b[39m=\u001b[32m\"min-w-full divide-y divide-gray-200\"\u001b[39m\n              \u001b[36m>\u001b[39m\n                \u001b[36m<thead\u001b[39m\n                  \u001b[33mclass\u001b[39m=\u001b[32m\"bg-gray-50\"\u001b[39m\n                \u001b[36m>\u001b[39m\n                  \u001b[36m<tr>\u001b[39m\n                    \u001b[36m<th\u001b[39m\n                      \u001b[33mclass\u001b[39m=\u001b[32m\"px-4 py-3\"\u001b[39m\n                    \u001b[36m>\u001b[39m\n                      \u001b[36m<input\u001b[39m\n                        \u001b[33mtype\u001b[39m=\u001b[32m\"checkbox\"\u001b[39m\n                      \u001b[36m/>\u001b[39m\n                    \u001b[36m</th>\u001b[39m\n                    \u001b[36m<th\u001b[39m\n                      \u001b[33mclass\u001b[39m=\u001b[32m\"px-6 py-3 text-xs font-medium text-gray-500 uppercase tracking-wider text-left\"\u001b[39m\n                    \u001b[36m>\u001b[39m\n                      \u001b[0mcommon.id\u001b[0m\n                    \u001b[36m</th>\u001b[39m\n                    \u001b[36m<th\u001b[39m\n                      \u001b[33mclass\u001b[39m=\u001b[32m\"px-6 py-3 text-xs font-medium text-gray-500 uppercase tracking-wider text-left\"\u001b[39m\n                    \u001b[36m>\u001b[39m\n                      \u001b[36m<button\u001b[39m\n                        \u001b[33mclass\u001b[39m=\u001b[32m\"flex items-center gap-1 hover:text-gray-700\"\u001b[39m\n                      \u001b[36m>\u001b[39m\n                        \u001b[36m<span>\u001b[39m\n                          \u001b[0mcommon.name\u001b[0m\n                        \u001b[36m</span>\u001b[39m\n                      \u001b[36m</button>\u001b[39m\n                    \u001b[36m</th>\u001b[39m\n                    \u001b[36m<th\u001b[39m\n                      \u001b[33mclass\u001b[39m=\u001b[32m\"px-6 py-3 text-xs font-medium text-gray-500 uppercase tracking-wider text-left\"\u001b[39m\n                    \u001b[36m>\u001b[39m\n                      \u001b[36m<button\u001b[39m\n                        \u001b[33mclass\u001b[39m=\u001b[32m\"flex items-center gap-1 hover:text-gray-700\"\u001b[39m\n                      \u001b[36m>\u001b[39m\n                        \u001b[36m<span>\u001b[39m\n                          \u001b[0mcommon.category\u001b[0m\n                        \u001b[36m</span>\u001b[39m\n                      \u001b[36m</button>\u001b[39m\n                    \u001b[36m</th>\u001b[39m\n                    \u001b[36m<th\u001b[39m\n                      \u001b[33mclass\u001b[39m=\u001b[32m\"px-6 py-3 text-xs font-medium text-gray-500 uppercase tracking-wider text-right\"\u001b[39m\n                    \u001b[36m>\u001b[39m\n                      \u001b[0mcommon.price\u001b[0m\n                    \u001b[36m</th>\u001b[39m\n                    \u001b[36m<th\u001b[39m\n                      \u001b[33mclass\u001b[39m=\u001b[32m\"px-6 py-3 text-xs font-medium text-gray-500 uppercase tracking-wider text-left\"\u001b[39m\n                    \u001b[36m>\u001b[39m\n                      \u001b[36m<button\u001b[39m\n                        \u001b[33mclass\u001b[39m=\u001b[32m\"flex items-center gap-1 hover:text-gray-700\"\u001b[39m\n                      \u001b[36m>\u001b[39m\n                        \u001b[36m<span>\u001b[39m\n                          \u001b[0mcommon.status\u001b[0m\n                        \u001b[36m</span>\u001b[39m\n                      \u001b[36m</button>\u001b[39m\n                    \u001b[36m</th>\u001b[39m\n                    \u001b[36m<th\u001b[39m\n                      \u001b[33mclass\u001b[39m=\u001b[32m\"px-6 py-3 text-xs font-medium text-gray-500 uppercase tracking-wider text-left\"\u001b[39m\n                    \u001b[36m>\u001b[39m\n                      \u001b[36m<button\u001b[39m\n                        \u001b[33mclass\u001b[39m=\u001b[32m\"flex items-center gap-1 hover:text-gray-700\"\u001b[39m\n                      \u001b[36m>\u001b[39m\n                        \u001b[36m<span>\u001b[39m\n                          \u001b[0mcommon.updated\u001b[0m\n                        \u001b[36m</span>\u001b[39m\n                      \u001b[36m</button>\u001b[39m\n                    \u001b[36m</th>\u001b[39m\n                  \u001b[36m</tr>\u001b[39m\n                \u001b[36m</thead>\u001b[39m\n                \u001b[36m<tbody\u001b[39m\n                  \u001b[33mclass\u001b[39m=\u001b[32m\"bg-white divide-y divide-gray-200\"\u001b[39m\n                \u001b[36m>\u001b[39m\n                  \u001b[36m<tr\u001b[39m\n                    \u001b[33mclass\u001b[39m=\u001b[32m\"hover:bg-gray-50\"\u001b[39m\n                  \u001b[36m>\u001b[39m\n                    \u001b[36m<td\u001b[39m\n                      \u001b[33mclass\u001b[39m=\u001b[32m\"px-4 py-4\"\u001b[39m\n                    \u001b[36m>\u001b[39m\n                      \u001b[36m<input\u001b[39m\n                        \u001b[33mtype\u001b[39m=\u001b[32m\"checkbox\"\u001b[39m\n                      \u001b[36m/>\u001b[39m\n                    \u001b[36m</td>\u001b[39m\n                    \u001b[36m<td\u001b[39m\n                      \u001b[33mclass\u001b[39m=\u001b[32m\"px-6 py-4 whitespace-nowrap text-sm text-left\"\u001b[39m\n                    \u001b[36m>\u001b[39m\n                      \u001b[36m<span\u001b[39m\n                        \u001b[33mclass\u001b[39m=\u001b[32m\"text-xs text-gray-500\"\u001b[39m\n                      \u001b[36m>\u001b[39m\n                        \u001b[0m1\u001b[0m\n                      \u001b[36m</span>\u001b[39m\n                    \u001b[36m</td>\u001b[39m\n                    \u001b[36m<td\u001b[39m\n                      \u001b[33mclass\u001b[39m=\u001b[32m\"px-6 py-4 whitespace-nowrap text-sm text-left\"\u001b[39m\n                    \u001b[36m>\u001b[39m\n                      \u001b[0mTax Prep\u001b[0m\n                    \u001b[36m</td>\u001b[39m\n                    \u001b[36m<td\u001b[39m\n                      \u001b[33mclass\u001b[39m=\u001b[32m\"px-6 py-4 whitespace-nowrap text-sm text-left\"\u001b[39m\n                    \u001b[36m>\u001b[39m\n                      \u001b[0mTax\u001b[0m\n                    \u001b[36m</td>\u001b[39m\n                    \u001b[36m<td\u001b[39m\n                      \u001b[33mclass\u001b[39m=\u001b[32m\"px-6 py-4 whitespace-nowrap text-sm text-right\"\u001b[39m\n                    \u001b[36m>\u001b[39m\n                      \u001b[0m$100.00\u001b[0m\n                    \u001b[36m</td>\u001b[39m\n                    \u001b[36m<td\u001b[39m\n                      \u001b[33mclass\u001b[39m=\u001b[32m\"px-6 py-4 whitespace-nowrap text-sm text-left\"\u001b[39m\n                    \u001b[36m>\u001b[39m\n                      \u001b[0mACTIVE\u001b[0m\n                    \u001b[36m</td>\u001b[39m\n                    \u001b[36m<td\u001b[39m\n                      \u001b[33mclass\u001b[39m=\u001b[32m\"px-6 py-4 whitespace-nowrap text-sm text-left\"\u001b[39m\n                    \u001b[36m>\u001b[39m\n                      \u001b[0m1/1/2025, 12:00:00 AM\u001b[0m\n                    \u001b[36m</td>\u001b[39m\n                  \u001b[36m</tr>\u001b[39m\n                \u001b[36m</tbody>\u001b[39m\n              \u001b[36m</table>\u001b[39m\n            \u001b[36m</div>\u001b[39m\n          \u001b[36m</div>\u001b[39m\n        \u001b[36m</div>\u001b[39m\n        \u001b[36m<div\u001b[39m\n          \u001b[33maria-label\u001b[39m=\u001b[32m\"Pagination\"\u001b[39m\n          \u001b[33mclass\u001b[39m=\u001b[32m\"flex items-center justify-between px-4 py-3 bg-gray-50 border-t\"\u001b[39m\n          \u001b[33mrole\u001b[39m=\u001b[32m\"navigation\"\u001b[39m\n        \u001b[36m>\u001b[39m\n          \u001b[36m<div\u001b[39m\n            \u001b[33mclass\u001b[39m=\u001b[32m\"text-sm text-gray-600\"\u001b[39m\n          \u001b[36m>\u001b[39m\n            \u001b[0mPage \u001b[0m\n            \u001b[0m1\u001b[0m\n            \u001b[0m of \u001b[0m\n            \u001b[0m1\u001b[0m\n          \u001b[36m</div>\u001b[39m\n          \u001b[36m<div\u001b[39m\n            \u001b[33mclass\u001b[39m=\u001b[32m\"flex items-center gap-2\"\u001b[39m\n          \u001b[36m>\u001b[39m\n            \u001b[36m<button\u001b[39m\n              \u001b[33maria-label\u001b[39m=\u001b[32m\"Previous page\"\u001b[39m\n              \u001b[33mclass\u001b[39m=\u001b[32m\"px-3 py-1 text-sm rounded border border-gray-300 bg-white hover:bg-gray-50 disabled:opacity-50\"\u001b[39m\n              \u001b[33mdisabled\u001b[39m=\u001b[32m\"\"\u001b[39m\n            \u001b[36m>\u001b[39m\n              \u001b[0mPrevious\u001b[0m\n            \u001b[36m</button>\u001b[39m\n            \u001b[36m<button\u001b[39m\n              \u001b[33maria-label\u001b[39m=\u001b[32m\"Next page\"\u001b[39m\n              \u001b[33mclass\u001b[39m=\u001b[32m\"px-3 py-1 text-sm rounded text-white bg-green-600 hover:bg-green-700 disabled:opacity-50\"\u001b[39m\n              \u001b[33mdisabled\u001b[39m=\u001b[32m\"\"\u001b[39m\n            \u001b[36m>\u001b[39m\n              \u001b[0mNext\u001b[0m\n            \u001b[36m</button>\u001b[39m\n          \u001b[36m</div>\u001b[39m\n        \u001b[36m</div>\u001b[39m\n      \u001b[36m</div>\u001b[39m\n    \u001b[36m</div>\u001b[39m\n  \u001b[36m</div>\u001b[39m\n\u001b[36m</body>\u001b[39m"
          ],
          "location": {
            "line": 163,
            "column": 27
          }
        }
      ],
      "startTime": 1760016329226,
      "endTime": 1760016331223,
      "status": "failed",
      "message": "",
      "name": "/app/code/tests/components/services-list.smoke.test.tsx"
    }
  ]
}